In main()
In function cvt::angular::conversions()
       0.0° =  0.000000 radians.
       7.5° =  0.130900 radians.
      15.0° =  0.261799 radians.
      22.5° =  0.392699 radians.
      30.0° =  0.523599 radians.
      37.5° =  0.654498 radians.
      45.0° =  0.785398 radians.
      52.5° =  0.916298 radians.
      60.0° =  1.047198 radians.
      67.5° =  1.178097 radians.
      75.0° =  1.308997 radians.
      82.5° =  1.439897 radians.
      90.0° =  1.570796 radians.
      97.5° =  1.701696 radians.
     105.0° =  1.832596 radians.
     112.5° =  1.963495 radians.
     120.0° =  2.094395 radians.
     127.5° =  2.225295 radians.
     135.0° =  2.356194 radians.
     142.5° =  2.487094 radians.
     150.0° =  2.617994 radians.
     157.5° =  2.748894 radians.
     165.0° =  2.879793 radians.
     172.5° =  3.010693 radians.
     180.0° =  3.141593 radians.
     187.5° =  3.272492 radians.
     195.0° =  3.403392 radians.
     202.5° =  3.534292 radians.
     210.0° =  3.665191 radians.
     217.5° =  3.796091 radians.
     225.0° =  3.926991 radians.
     232.5° =  4.057891 radians.
     240.0° =  4.188790 radians.
     247.5° =  4.319690 radians.
     255.0° =  4.450590 radians.
     262.5° =  4.581489 radians.
     270.0° =  4.712389 radians.
     277.5° =  4.843289 radians.
     285.0° =  4.974188 radians.
     292.5° =  5.105088 radians.
     300.0° =  5.235988 radians.
     307.5° =  5.366887 radians.
     315.0° =  5.497787 radians.
     322.5° =  5.628687 radians.
     330.0° =  5.759587 radians.
     337.5° =  5.890486 radians.
     345.0° =  6.021386 radians.
     352.5° =  6.152286 radians.
     360.0° =  6.283185 radians.

  0.000000 radians [0.000⋅π] =       0.0°.
  0.392699 radians [0.125⋅π] =      22.5°.
  0.785398 radians [0.250⋅π] =      45.0°.
  1.178097 radians [0.375⋅π] =      67.5°.
  1.570796 radians [0.500⋅π] =      90.0°.
  1.963495 radians [0.625⋅π] =     112.5°.
  2.356194 radians [0.750⋅π] =     135.0°.
  2.748894 radians [0.875⋅π] =     157.5°.
  3.141593 radians [1.000⋅π] =     180.0°.
  3.534292 radians [1.125⋅π] =     202.5°.
  3.926991 radians [1.250⋅π] =     225.0°.
  4.319690 radians [1.375⋅π] =     247.5°.
  4.712389 radians [1.500⋅π] =     270.0°.
  5.105088 radians [1.625⋅π] =     292.5°.
  5.497787 radians [1.750⋅π] =     315.0°.
  5.890486 radians [1.875⋅π] =     337.5°.
  6.283185 radians [2.000⋅π] =     360.0°.

  0.000000 radians =      0.00°.
  0.250000 radians =     14.32°.
  0.500000 radians =     28.65°.
  0.750000 radians =     42.97°.
  1.000000 radians =     57.30°.
  1.250000 radians =     71.62°.
  1.500000 radians =     85.94°.
  1.750000 radians =    100.27°.
  2.000000 radians =    114.59°.
  2.250000 radians =    128.92°.
  2.500000 radians =    143.24°.
  2.750000 radians =    157.56°.
  3.000000 radians =    171.89°.
  3.250000 radians =    186.21°.
  3.500000 radians =    200.54°.
  3.750000 radians =    214.86°.
  4.000000 radians =    229.18°.
  4.250000 radians =    243.51°.
  4.500000 radians =    257.83°.
  4.750000 radians =    272.15°.
  5.000000 radians =    286.48°.
  5.250000 radians =    300.80°.
  5.500000 radians =    315.13°.
  5.750000 radians =    329.45°.
  6.000000 radians =    343.77°.
  6.250000 radians =    358.10°.
  6.500000 radians =    372.42°.

    0° =  0.000000 radians.
   30° =  0.523599 radians.
   45° =  0.785398 radians.
   60° =  1.047198 radians.
   90° =  1.570796 radians.
  120° =  2.094395 radians.
  135° =  2.356194 radians.
  150° =  2.617994 radians.
  180° =  3.141593 radians.
  210° =  3.665191 radians.
  225° =  3.926991 radians.
  270° =  4.712389 radians.
  300° =  5.235988 radians.
  315° =  5.497787 radians.
  330° =  5.759587 radians.
  360° =  6.283185 radians.

   0.0 radians =    0.000°.
   0.5 radians =   28.648°.
   1.0 radians =   57.296°.
   1.5 radians =   85.944°.
   π÷2 radians =   90.000°.
   2.0 radians =  114.592°.
   2.5 radians =  143.239°.
   3.0 radians =  171.887°.
     π radians =  180.000°.
   3.5 radians =  200.535°.
   4.0 radians =  229.183°.
   4.5 radians =  229.183°.
 3⋅π÷2 radians =  270.000°.
   5.0 radians =  286.479°.
   5.5 radians =  315.127°.
   6.0 radians =  343.775°.
   2⋅π radians =  360.000°.
   6.5 radians =  372.423°.

In function cvt::temp::conversions()
  -40°C =  -40.00°F
    0°C =   32.00°F
   40°C =  104.00°F
   50°C =  122.00°F
  100°C =  212.00°F

  -40°F =  -40.00°C
    0°F =  -17.78°C
   32°F =    0.00°C
   40°F =    4.44°C
  106°F =   41.11°C
  212°F =  100.00°C

    0°C =   32.00°F
   40°C =  104.00°F
   50°C =  122.00°F
  100°C =  212.00°F

    0°F =  -17.78°C
   32°F =    0.00°C
   40°F =    4.44°C
  106°F =   41.11°C
  212°F =  100.00°C

In function si::conversions()
 1,000.5  m =  1000.500
   1,000  m =  1000.000
-1,000.5  m = -1000.500
 1,000.0 mm =     1.000
   1,000 mm =     1.000
-1,000.0 mm =    -1.000
    10.5 km = 10500.000
      10 km = 10000.000
   -10.5 km =-10500.000
100.8 m + 2 km + 150 mm =  2100.950

